#
# There is insufficient memory for the Java Runtime Environment to continue.
# Native memory allocation (malloc) failed to allocate 851216 bytes for Chunk::new
# Possible reasons:
#   The system is out of physical RAM or swap space
#   The process is running with CompressedOops enabled, and the Java Heap may be blocking the growth of the native heap
# Possible solutions:
#   Reduce memory load on the system
#   Increase physical memory or swap space
#   Check if swap backing store is full
#   Decrease Java heap size (-Xmx/-Xms)
#   Decrease number of Java threads
#   Decrease Java thread stack sizes (-Xss)
#   Set larger code cache with -XX:ReservedCodeCacheSize=
#   JVM is running with Unscaled Compressed Oops mode in which the Java heap is
#     placed in the first 4GB address space. The Java Heap base address is the
#     maximum limit for the native heap growth. Please use -XX:HeapBaseMinAddress
#     to set the Java Heap base and to place the Java Heap above 4GB virtual address.
# This output file may be truncated or incomplete.
#
#  Out of Memory Error (allocation.cpp:389), pid=14160, tid=0x000000000000436c
#
# JRE version: OpenJDK Runtime Environment (8.0_202-b03) (build 1.8.0_202-release-1483-b03)
# Java VM: OpenJDK 64-Bit Server VM (25.202-b03 mixed mode windows-amd64 compressed oops)
# Failed to write core dump. Minidumps are not enabled by default on client versions of Windows
#

---------------  T H R E A D  ---------------

Current thread (0x0000000014ca0000):  JavaThread "C2 CompilerThread0" daemon [_thread_in_native, id=17260, stack(0x0000000015cd0000,0x0000000015dd0000)]

Stack: [0x0000000015cd0000,0x0000000015dd0000]
[error occurred during error reporting (printing stack bounds), id 0xc0000005]

Native frames: (J=compiled Java code, j=interpreted, Vv=VM code, C=native code)


Current CompileTask:
C2:  52169 7996       4       org.jetbrains.kotlin.load.kotlin.TypeSignatureMappingKt::mapType (890 bytes)


---------------  P R O C E S S  ---------------

Java Threads: ( => current thread )
  0x0000000014d0b000 JavaThread "Service Thread" daemon [_thread_blocked, id=13888, stack(0x0000000015ed0000,0x0000000015fd0000)]
  0x0000000014cf3000 JavaThread "C1 CompilerThread1" daemon [_thread_blocked, id=13572, stack(0x0000000015dd0000,0x0000000015ed0000)]
=>0x0000000014ca0000 JavaThread "C2 CompilerThread0" daemon [_thread_in_native, id=17260, stack(0x0000000015cd0000,0x0000000015dd0000)]
  0x0000000014c9e000 JavaThread "Attach Listener" daemon [_thread_blocked, id=12112, stack(0x0000000015bd0000,0x0000000015cd0000)]
  0x0000000014c9a800 JavaThread "Signal Dispatcher" daemon [_thread_blocked, id=16016, stack(0x0000000015ad0000,0x0000000015bd0000)]
  0x00000000028dd000 JavaThread "Finalizer" daemon [_thread_blocked, id=14480, stack(0x00000000158e0000,0x00000000159e0000)]
  0x00000000028d2800 JavaThread "Reference Handler" daemon [_thread_blocked, id=12848, stack(0x00000000157e0000,0x00000000158e0000)]
  0x00000000027e7000 JavaThread "main" [_thread_in_Java, id=13540, stack(0x00000000026c0000,0x00000000027c0000)]

Other Threads:
  0x0000000014c65000 VMThread [stack: 0x00000000156e0000,0x00000000157e0000] [id=12552]
  0x0000000014d0e000 WatcherThread [stack: 0x0000000015fd0000,0x00000000160d0000] [id=8424]

VM state:not at safepoint (normal execution)

VM Mutex/Monitor currently owned by a thread: None

heap address: 0x00000000c1600000, size: 1002 MB, Compressed Oops mode: 32-bit
Narrow klass base: 0x0000000000000000, Narrow klass shift: 3
Compressed class space size: 1073741824 Address: 0x0000000100000000

Heap:
 PSYoungGen      total 111104K, used 20524K [0x00000000eb200000, 0x00000000f3180000, 0x0000000100000000)
  eden space 92672K, 22% used [0x00000000eb200000,0x00000000ec60b328,0x00000000f0c80000)
  from space 18432K, 0% used [0x00000000f1f80000,0x00000000f1f80000,0x00000000f3180000)
  to   space 18944K, 0% used [0x00000000f0c80000,0x00000000f0c80000,0x00000000f1f00000)
 ParOldGen       total 82944K, used 43790K [0x00000000c1600000, 0x00000000c6700000, 0x00000000eb200000)
  object space 82944K, 52% used [0x00000000c1600000,0x00000000c40c3980,0x00000000c6700000)
 Metaspace       used 58828K, capacity 59878K, committed 60312K, reserved 1101824K
  class space    used 7115K, capacity 7409K, committed 7472K, reserved 1048576K

Card table byte_map: [0x0000000011ca0000,0x0000000011ea0000] byte_map_base: 0x0000000011695000

Marking Bits: (ParMarkBitMap*) 0x0000000065d09f30
 Begin Bits: [0x00000000121f0000, 0x0000000013198000)
 End Bits:   [0x0000000013198000, 0x0000000014140000)

Polling page: 0x0000000000a30000

CodeCache: size=245760Kb used=23834Kb max_used=24520Kb free=221925Kb
 bounds [0x00000000028e0000, 0x00000000040f0000, 0x00000000118e0000]
 total_blobs=7529 nmethods=7018 adapters=424
 compilation: enabled

Compilation events (10 events):
Event: 52.119 Thread 0x0000000014cf3000 8017       1       org.jetbrains.kotlin.codegen.signature.JvmSignatureWriter::writeParameterType (6 bytes)
Event: 52.119 Thread 0x0000000014cf3000 nmethod 8017 0x0000000003275210 code [0x0000000003275360, 0x0000000003275490]
Event: 52.120 Thread 0x0000000014cf3000 8018       3       org.jetbrains.kotlin.resolve.jvm.diagnostics.JvmDeclarationOrigin::<init> (24 bytes)
Event: 52.121 Thread 0x0000000014cf3000 nmethod 8018 0x0000000002d63fd0 code [0x0000000002d64160, 0x0000000002d64508]
Event: 52.121 Thread 0x0000000014cf3000 8019       3       org.jetbrains.kotlin.resolve.jvm.diagnostics.JvmDeclarationOrigin::<init> (32 bytes)
Event: 52.122 Thread 0x0000000014cf3000 nmethod 8019 0x00000000031fd090 code [0x00000000031fd200, 0x00000000031fd508]
Event: 52.132 Thread 0x0000000014cf3000 8020       3       org.jetbrains.kotlin.resolve.jvm.diagnostics.JvmDeclarationOriginKt::OtherOrigin (26 bytes)
Event: 52.132 Thread 0x0000000014cf3000 nmethod 8020 0x0000000002e23110 code [0x0000000002e232a0, 0x0000000002e23628]
Event: 52.143 Thread 0x0000000014cf3000 8021       3       org.jetbrains.kotlin.codegen.state.BuilderFactoryForDuplicateSignatureDiagnostics$groupMembersDescriptorsBySignature$1::invoke (292 bytes)
Event: 52.147 Thread 0x0000000014cf3000 nmethod 8021 0x00000000031e0490 code [0x00000000031e0980, 0x00000000031e3b38]

GC Heap History (10 events):
Event: 29.007 GC heap before
{Heap before GC invocations=13 (full 2):
 PSYoungGen      total 59392K, used 48128K [0x00000000eb200000, 0x00000000ef800000, 0x0000000100000000)
  eden space 48128K, 100% used [0x00000000eb200000,0x00000000ee100000,0x00000000ee100000)
  from space 11264K, 0% used [0x00000000eed00000,0x00000000eed00000,0x00000000ef800000)
  to   space 11776K, 0% used [0x00000000ee100000,0x00000000ee100000,0x00000000eec80000)
 ParOldGen       total 45568K, used 17693K [0x00000000c1600000, 0x00000000c4280000, 0x00000000eb200000)
  object space 45568K, 38% used [0x00000000c1600000,0x00000000c2747730,0x00000000c4280000)
 Metaspace       used 37964K, capacity 38498K, committed 38832K, reserved 1083392K
  class space    used 4795K, capacity 4929K, committed 5040K, reserved 1048576K
Event: 29.027 GC heap after
Heap after GC invocations=13 (full 2):
 PSYoungGen      total 59904K, used 7951K [0x00000000eb200000, 0x00000000f0c00000, 0x0000000100000000)
  eden space 48128K, 0% used [0x00000000eb200000,0x00000000eb200000,0x00000000ee100000)
  from space 11776K, 67% used [0x00000000ee100000,0x00000000ee8c3ee0,0x00000000eec80000)
  to   space 11776K, 0% used [0x00000000f0080000,0x00000000f0080000,0x00000000f0c00000)
 ParOldGen       total 45568K, used 17701K [0x00000000c1600000, 0x00000000c4280000, 0x00000000eb200000)
  object space 45568K, 38% used [0x00000000c1600000,0x00000000c2749730,0x00000000c4280000)
 Metaspace       used 37964K, capacity 38498K, committed 38832K, reserved 1083392K
  class space    used 4795K, capacity 4929K, committed 5040K, reserved 1048576K
}
Event: 34.879 GC heap before
{Heap before GC invocations=14 (full 2):
 PSYoungGen      total 59904K, used 56079K [0x00000000eb200000, 0x00000000f0c00000, 0x0000000100000000)
  eden space 48128K, 100% used [0x00000000eb200000,0x00000000ee100000,0x00000000ee100000)
  from space 11776K, 67% used [0x00000000ee100000,0x00000000ee8c3ee0,0x00000000eec80000)
  to   space 11776K, 0% used [0x00000000f0080000,0x00000000f0080000,0x00000000f0c00000)
 ParOldGen       total 45568K, used 17701K [0x00000000c1600000, 0x00000000c4280000, 0x00000000eb200000)
  object space 45568K, 38% used [0x00000000c1600000,0x00000000c2749730,0x00000000c4280000)
 Metaspace       used 40777K, capacity 41392K, committed 41776K, reserved 1085440K
  class space    used 4972K, capacity 5112K, committed 5168K, reserved 1048576K
Event: 35.139 GC heap after
Heap after GC invocations=14 (full 2):
 PSYoungGen      total 78848K, used 11246K [0x00000000eb200000, 0x00000000f0f00000, 0x0000000100000000)
  eden space 67072K, 0% used [0x00000000eb200000,0x00000000eb200000,0x00000000ef380000)
  from space 11776K, 95% used [0x00000000f0080000,0x00000000f0b7bbc0,0x00000000f0c00000)
  to   space 13312K, 0% used [0x00000000ef380000,0x00000000ef380000,0x00000000f0080000)
 ParOldGen       total 45568K, used 21417K [0x00000000c1600000, 0x00000000c4280000, 0x00000000eb200000)
  object space 45568K, 47% used [0x00000000c1600000,0x00000000c2aea450,0x00000000c4280000)
 Metaspace       used 40777K, capacity 41392K, committed 41776K, reserved 1085440K
  class space    used 4972K, capacity 5112K, committed 5168K, reserved 1048576K
}
Event: 42.259 GC heap before
{Heap before GC invocations=15 (full 2):
 PSYoungGen      total 78848K, used 78318K [0x00000000eb200000, 0x00000000f0f00000, 0x0000000100000000)
  eden space 67072K, 100% used [0x00000000eb200000,0x00000000ef380000,0x00000000ef380000)
  from space 11776K, 95% used [0x00000000f0080000,0x00000000f0b7bbc0,0x00000000f0c00000)
  to   space 13312K, 0% used [0x00000000ef380000,0x00000000ef380000,0x00000000f0080000)
 ParOldGen       total 45568K, used 21417K [0x00000000c1600000, 0x00000000c4280000, 0x00000000eb200000)
  object space 45568K, 47% used [0x00000000c1600000,0x00000000c2aea450,0x00000000c4280000)
 Metaspace       used 49707K, capacity 50686K, committed 50992K, reserved 1093632K
  class space    used 6161K, capacity 6445K, committed 6448K, reserved 1048576K
Event: 42.341 GC heap after
Heap after GC invocations=15 (full 2):
 PSYoungGen      total 80384K, used 13300K [0x00000000eb200000, 0x00000000f3200000, 0x0000000100000000)
  eden space 67072K, 0% used [0x00000000eb200000,0x00000000eb200000,0x00000000ef380000)
  from space 13312K, 99% used [0x00000000ef380000,0x00000000f007d180,0x00000000f0080000)
  to   space 18944K, 0% used [0x00000000f1f80000,0x00000000f1f80000,0x00000000f3200000)
 ParOldGen       total 45568K, used 32471K [0x00000000c1600000, 0x00000000c4280000, 0x00000000eb200000)
  object space 45568K, 71% used [0x00000000c1600000,0x00000000c35b5ec0,0x00000000c4280000)
 Metaspace       used 49707K, capacity 50686K, committed 50992K, reserved 1093632K
  class space    used 6161K, capacity 6445K, committed 6448K, reserved 1048576K
}
Event: 48.486 GC heap before
{Heap before GC invocations=16 (full 2):
 PSYoungGen      total 80384K, used 69480K [0x00000000eb200000, 0x00000000f3200000, 0x0000000100000000)
  eden space 67072K, 83% used [0x00000000eb200000,0x00000000ee8dced8,0x00000000ef380000)
  from space 13312K, 99% used [0x00000000ef380000,0x00000000f007d180,0x00000000f0080000)
  to   space 18944K, 0% used [0x00000000f1f80000,0x00000000f1f80000,0x00000000f3200000)
 ParOldGen       total 45568K, used 32471K [0x00000000c1600000, 0x00000000c4280000, 0x00000000eb200000)
  object space 45568K, 71% used [0x00000000c1600000,0x00000000c35b5ec0,0x00000000c4280000)
 Metaspace       used 57767K, capacity 58826K, committed 59160K, reserved 1101824K
  class space    used 7038K, capacity 7321K, committed 7344K, reserved 1048576K
Event: 48.658 GC heap after
Heap after GC invocations=16 (full 2):
 PSYoungGen      total 111104K, used 10513K [0x00000000eb200000, 0x00000000f3180000, 0x0000000100000000)
  eden space 92672K, 0% used [0x00000000eb200000,0x00000000eb200000,0x00000000f0c80000)
  from space 18432K, 57% used [0x00000000f1f80000,0x00000000f29c4630,0x00000000f3180000)
  to   space 18944K, 0% used [0x00000000f0c80000,0x00000000f0c80000,0x00000000f1f00000)
 ParOldGen       total 45568K, used 41793K [0x00000000c1600000, 0x00000000c4280000, 0x00000000eb200000)
  object space 45568K, 91% used [0x00000000c1600000,0x00000000c3ed0678,0x00000000c4280000)
 Metaspace       used 57767K, capacity 58826K, committed 59160K, reserved 1101824K
  class space    used 7038K, capacity 7321K, committed 7344K, reserved 1048576K
}
Event: 48.658 GC heap before
{Heap before GC invocations=17 (full 3):
 PSYoungGen      total 111104K, used 10513K [0x00000000eb200000, 0x00000000f3180000, 0x0000000100000000)
  eden space 92672K, 0% used [0x00000000eb200000,0x00000000eb200000,0x00000000f0c80000)
  from space 18432K, 57% used [0x00000000f1f80000,0x00000000f29c4630,0x00000000f3180000)
  to   space 18944K, 0% used [0x00000000f0c80000,0x00000000f0c80000,0x00000000f1f00000)
 ParOldGen       total 45568K, used 41793K [0x00000000c1600000, 0x00000000c4280000, 0x00000000eb200000)
  object space 45568K, 91% used [0x00000000c1600000,0x00000000c3ed0678,0x00000000c4280000)
 Metaspace       used 57767K, capacity 58826K, committed 59160K, reserved 1101824K
  class space    used 7038K, capacity 7321K, committed 7344K, reserved 1048576K
Event: 49.560 GC heap after
Heap after GC invocations=17 (full 3):
 PSYoungGen      total 111104K, used 0K [0x00000000eb200000, 0x00000000f3180000, 0x0000000100000000)
  eden space 92672K, 0% used [0x00000000eb200000,0x00000000eb200000,0x00000000f0c80000)
  from space 18432K, 0% used [0x00000000f1f80000,0x00000000f1f80000,0x00000000f3180000)
  to   space 18944K, 0% used [0x00000000f0c80000,0x00000000f0c80000,0x00000000f1f00000)
 ParOldGen       total 82944K, used 43790K [0x00000000c1600000, 0x00000000c6700000, 0x00000000eb200000)
  object space 82944K, 52% used [0x00000000c1600000,0x00000000c40c3980,0x00000000c6700000)
 Metaspace       used 57767K, capacity 58826K, committed 59160K, reserved 1101824K
  class space    used 7038K, capacity 7321K, committed 7344K, reserved 1048576K
}

Deoptimization events (10 events):
Event: 50.785 Thread 0x00000000027e7000 Uncommon trap: reason=predicate action=maybe_recompile pc=0x0000000003fee144 method=org.jetbrains.org.objectweb.asm.tree.analysis.Frame.execute(Lorg/jetbrains/org/objectweb/asm/tree/AbstractInsnNode;Lorg/jetbrains/org/objectweb/asm/tree/analysis/Interpret
Event: 50.875 Thread 0x00000000027e7000 Uncommon trap: reason=speculate_class_check action=maybe_recompile pc=0x0000000003e8a474 method=java.util.ArrayList.<init>(Ljava/util/Collection;)V @ 36
Event: 51.152 Thread 0x00000000027e7000 Uncommon trap: reason=unstable_if action=reinterpret pc=0x0000000003f7ac98 method=org.jetbrains.kotlin.resolve.MemberComparator$NameAndTypeMemberComparator.getDeclarationPriority(Lorg/jetbrains/kotlin/descriptors/DeclarationDescriptor;)I @ 48
Event: 51.152 Thread 0x00000000027e7000 Uncommon trap: reason=unstable_if action=reinterpret pc=0x0000000003f1f938 method=org.jetbrains.kotlin.resolve.MemberComparator$NameAndTypeMemberComparator.getDeclarationPriority(Lorg/jetbrains/kotlin/descriptors/DeclarationDescriptor;)I @ 48
Event: 51.264 Thread 0x00000000027e7000 Uncommon trap: reason=bimorphic action=maybe_recompile pc=0x00000000037dd748 method=java.util.regex.Pattern$Start.match(Ljava/util/regex/Matcher;ILjava/lang/CharSequence;)Z @ 44
Event: 51.373 Thread 0x00000000027e7000 Uncommon trap: reason=speculate_class_check action=maybe_recompile pc=0x0000000003e8a474 method=java.util.ArrayList.<init>(Ljava/util/Collection;)V @ 36
Event: 51.392 Thread 0x00000000027e7000 Uncommon trap: reason=bimorphic action=maybe_recompile pc=0x000000000406cf58 method=org.jetbrains.org.objectweb.asm.tree.analysis.Frame.execute(Lorg/jetbrains/org/objectweb/asm/tree/AbstractInsnNode;Lorg/jetbrains/org/objectweb/asm/tree/analysis/Interpret
Event: 51.392 Thread 0x00000000027e7000 Uncommon trap: reason=bimorphic action=maybe_recompile pc=0x000000000406cf58 method=org.jetbrains.org.objectweb.asm.tree.analysis.Frame.execute(Lorg/jetbrains/org/objectweb/asm/tree/AbstractInsnNode;Lorg/jetbrains/org/objectweb/asm/tree/analysis/Interpret
Event: 51.392 Thread 0x00000000027e7000 Uncommon trap: reason=bimorphic action=maybe_recompile pc=0x000000000406d02c method=org.jetbrains.org.objectweb.asm.tree.analysis.Frame.execute(Lorg/jetbrains/org/objectweb/asm/tree/AbstractInsnNode;Lorg/jetbrains/org/objectweb/asm/tree/analysis/Interpret
Event: 51.392 Thread 0x00000000027e7000 Uncommon trap: reason=bimorphic action=maybe_recompile pc=0x000000000406d02c method=org.jetbrains.org.objectweb.asm.tree.analysis.Frame.execute(Lorg/jetbrains/org/objectweb/asm/tree/AbstractInsnNode;Lorg/jetbrains/org/objectweb/asm/tree/analysis/Interpret

Classes redefined (0 events):
No events

Internal exceptions (10 events):
Event: 42.918 Thread 0x00000000027e7000 Implicit null exception at 0x00000000031f9c39 to 0x00000000031f9eeb
Event: 45.710 Thread 0x00000000027e7000 Implicit null exception at 0x0000000002b46155 to 0x0000000002b46341
Event: 45.744 Thread 0x00000000027e7000 Implicit null exception at 0x0000000002f5388c to 0x0000000002f538e6
Event: 46.165 Thread 0x00000000027e7000 Implicit null exception at 0x0000000002b3a354 to 0x0000000002b3a5cd
Event: 46.196 Thread 0x00000000027e7000 Implicit null exception at 0x0000000003c6d51b to 0x0000000003c7306d
Event: 46.634 Thread 0x00000000027e7000 Exception <a 'java/lang/NoSuchMethodError': java.lang.Object.lambda$static$0(Ljava/lang/Throwable;Ljava/lang/String;)V> (0x00000000ed281fa8) thrown at [D:\src\AOSP-openjdk-cygwin\jdk8u\hotspot\src\share\vm\interpreter\linkResolver.cpp, line 620]
Event: 46.992 Thread 0x00000000027e7000 Implicit null exception at 0x00000000038c9ad4 to 0x00000000038c9ca4
Event: 47.118 Thread 0x00000000027e7000 Exception <a 'java/lang/NoSuchMethodError': java.lang.Object.lambda$static$0(Lorg/jetbrains/kotlin/descriptors/ValueParameterDescriptor;Lorg/jetbrains/kotlin/codegen/ExpressionCodegen;)Lorg/jetbrains/kotlin/codegen/StackValue;> (0x00000000edcfc610) thrown
Event: 47.782 Thread 0x00000000027e7000 Exception <a 'java/lang/NoSuchMethodError': java.lang.Object.lambda$static$0(Ljava/lang/String;)Z> (0x00000000ee452448) thrown at [D:\src\AOSP-openjdk-cygwin\jdk8u\hotspot\src\share\vm\interpreter\linkResolver.cpp, line 620]
Event: 47.783 Thread 0x00000000027e7000 Exception <a 'java/lang/NoSuchMethodError': java.lang.Object.lambda$static$1(Ljava/lang/String;)Z> (0x00000000ee454b10) thrown at [D:\src\AOSP-openjdk-cygwin\jdk8u\hotspot\src\share\vm\interpreter\linkResolver.cpp, line 620]

Events (10 events):
Event: 52.022 Thread 0x0000000014cf3000 flushing nmethod 0x000000000394e390
Event: 52.023 Thread 0x0000000014cf3000 flushing nmethod 0x00000000039d9710
Event: 52.024 Thread 0x0000000014cf3000 flushing nmethod 0x0000000003a66e50
Event: 52.024 Thread 0x0000000014cf3000 flushing nmethod 0x0000000003a90590
Event: 52.024 Thread 0x0000000014cf3000 flushing nmethod 0x0000000003aabed0
Event: 52.025 Thread 0x0000000014cf3000 flushing nmethod 0x0000000003bb3fd0
Event: 52.025 Thread 0x0000000014cf3000 flushing nmethod 0x0000000003bb8350
Event: 52.025 Thread 0x0000000014cf3000 flushing nmethod 0x0000000003bf1b90
Event: 52.025 Thread 0x0000000014cf3000 flushing nmethod 0x0000000003c11350
Event: 52.030 Thread 0x0000000014cf3000 flushing nmethod 0x0000000003cf7190


Dynamic libraries:
0x00007ff6ba280000 - 0x00007ff6ba2b1000 	C:\Program Files\Java\jdk-8\jre\bin\java.exe
0x00007ffdfe160000 - 0x00007ffdfe331000 	C:\WINDOWS\SYSTEM32\ntdll.dll
0x00007ffdfe0b0000 - 0x00007ffdfe15b000 	C:\WINDOWS\System32\KERNEL32.DLL
0x00007ffdfaaa0000 - 0x00007ffdfacbd000 	C:\WINDOWS\System32\KERNELBASE.dll
0x00007ffdfb9d0000 - 0x00007ffdfba72000 	C:\WINDOWS\System32\ADVAPI32.dll
0x00007ffdfb6d0000 - 0x00007ffdfb76e000 	C:\WINDOWS\System32\msvcrt.dll
0x00007ffdfde10000 - 0x00007ffdfde69000 	C:\WINDOWS\System32\sechost.dll
0x00007ffdfde70000 - 0x00007ffdfdf91000 	C:\WINDOWS\System32\RPCRT4.dll
0x00007ffdfb860000 - 0x00007ffdfb9c5000 	C:\WINDOWS\System32\USER32.dll
0x00007ffdfa8f0000 - 0x00007ffdfa90e000 	C:\WINDOWS\System32\win32u.dll
0x00007ffdfda10000 - 0x00007ffdfda44000 	C:\WINDOWS\System32\GDI32.dll
0x00007ffdfa910000 - 0x00007ffdfaa92000 	C:\WINDOWS\System32\gdi32full.dll
0x00007ffdf2d80000 - 0x00007ffdf2ff9000 	C:\WINDOWS\WinSxS\amd64_microsoft.windows.common-controls_6595b64144ccf1df_6.0.14393.0_none_2d0f50fcbdb171b8\COMCTL32.dll
0x00007ffdfdb10000 - 0x00007ffdfddd7000 	C:\WINDOWS\System32\combase.dll
0x00007ffdfa780000 - 0x00007ffdfa875000 	C:\WINDOWS\System32\ucrtbase.dll
0x00007ffdfa880000 - 0x00007ffdfa8ea000 	C:\WINDOWS\System32\bcryptPrimitives.dll
0x00007ffdfb770000 - 0x00007ffdfb79e000 	C:\WINDOWS\System32\IMM32.DLL
0x0000000065d90000 - 0x0000000065e62000 	C:\Program Files\Java\jdk-8\jre\bin\msvcr100.dll
0x0000000065540000 - 0x0000000065d86000 	C:\Program Files\Java\jdk-8\jre\bin\server\jvm.dll
0x00007ffdfd5a0000 - 0x00007ffdfd5a8000 	C:\WINDOWS\System32\PSAPI.DLL
0x00007ffdea540000 - 0x00007ffdea549000 	C:\WINDOWS\SYSTEM32\WSOCK32.dll
0x00007ffdfd4c0000 - 0x00007ffdfd52a000 	C:\WINDOWS\System32\WS2_32.dll
0x00007ffdf8b00000 - 0x00007ffdf8b23000 	C:\WINDOWS\SYSTEM32\WINMM.dll
0x00007ffdec340000 - 0x00007ffdec34a000 	C:\WINDOWS\SYSTEM32\VERSION.dll
0x00007ffdf8aa0000 - 0x00007ffdf8acb000 	C:\WINDOWS\SYSTEM32\WINMMBASE.dll
0x00007ffdfb680000 - 0x00007ffdfb6c2000 	C:\WINDOWS\System32\cfgmgr32.dll
0x00007ffdf54d0000 - 0x00007ffdf54df000 	C:\Program Files\Java\jdk-8\jre\bin\verify.dll
0x00007ffdf00c0000 - 0x00007ffdf00e9000 	C:\Program Files\Java\jdk-8\jre\bin\java.dll
0x00007ffdf1560000 - 0x00007ffdf1576000 	C:\Program Files\Java\jdk-8\jre\bin\zip.dll
0x00007ffdfbb80000 - 0x00007ffdfd088000 	C:\WINDOWS\System32\SHELL32.dll
0x00007ffdfaf40000 - 0x00007ffdfb61a000 	C:\WINDOWS\System32\windows.storage.dll
0x00007ffdfa670000 - 0x00007ffdfa6bc000 	C:\WINDOWS\System32\powrprof.dll
0x00007ffdfb7a0000 - 0x00007ffdfb7f2000 	C:\WINDOWS\System32\shlwapi.dll
0x00007ffdfa660000 - 0x00007ffdfa66f000 	C:\WINDOWS\System32\kernel.appcore.dll
0x00007ffdfae90000 - 0x00007ffdfaf39000 	C:\WINDOWS\System32\shcore.dll
0x00007ffdfa640000 - 0x00007ffdfa654000 	C:\WINDOWS\System32\profapi.dll
0x00007ffdf1ab0000 - 0x00007ffdf1aca000 	C:\Program Files\Java\jdk-8\jre\bin\net.dll
0x00007ffdf9f10000 - 0x00007ffdf9f6c000 	C:\WINDOWS\system32\mswsock.dll
0x00007ffdf14f0000 - 0x00007ffdf1501000 	C:\Program Files\Java\jdk-8\jre\bin\nio.dll

VM Arguments:
java_command: org.jetbrains.kotlin.cli.jvm.K2JVMCompiler -Xallow-no-source-files -classpath C:\Users\Vidi Fitriansyah H\.gradle\caches\modules-2\files-2.1\org.jetbrains.kotlin\kotlin-android-extensions-runtime\1.3.50\bec16087637a7cafe54894e73d38037977cb30d2\kotlin-android-extensions-runtime-1.3.50.jar;C:\Users\Vidi Fitriansyah H\.gradle\caches\modules-2\files-2.1\org.jetbrains.kotlin\kotlin-stdlib-jdk7\1.3.50\50ad05ea1c2595fb31b800e76db464d08d599af3\kotlin-stdlib-jdk7-1.3.50.jar;C:\Users\Vidi Fitriansyah H\.gradle\caches\transforms-2\files-2.1\ad45f6032141e686cd80927e873942fa\core-ktx-1.3.0\jars\classes.jar;C:\Users\Vidi Fitriansyah H\.gradle\caches\modules-2\files-2.1\org.jetbrains.kotlin\kotlin-stdlib\1.3.71\898273189ad22779da6bed88ded39b14cb5fd432\kotlin-stdlib-1.3.71.jar;C:\Users\Vidi Fitriansyah H\.gradle\caches\modules-2\files-2.1\org.jetbrains.kotlin\kotlin-stdlib-common\1.3.71\e71c3fef58e26affeb03d675e91fd8abdd44aa7b\kotlin-stdlib-common-1.3.71.jar;C:\Users\Vidi Fitriansyah H\.gradle\caches\modules-2\files-2.1\org.jetbrains\annotations\13.0\919f0dfe192fb4e063e7dacadee7f8bb9a2672a9\annotations-13.0.jar;C:\Users\Vidi Fitriansyah H\.gradle\caches\transforms-2\files-2.1\0c59e42970579c9c36ddd604ba39521e\appcompat-1.1.0\jars\classes.jar;C:\Users\Vidi Fitriansyah H\.gradle\caches\transforms-2\files-2.1\1801da69ca4d841f67e142879daca426\recyclerview-1.0.0\jars\classes.jar;C:\Users\Vidi Fitriansyah H\.gradle\caches\transforms-2\files-2.1\9eca2d67ba16850252a0e8f7032d79d7\legacy-support-core-ui-1.0.0\jars\classes.jar;C:\Users\Vidi Fitriansyah H\.gradle\caches\transforms-2\files-2.1\01c6ea285deb1d2d201d8ad7093d5952\cursoradapter-1.0.0\jars\classes.jar;C:\Users\Vidi Fitriansyah H\.gradle\caches\transforms-2\files-2.1\dde3a500be3f9e82cad45fe9d0d4710f\fragment-1.1.0\jars\classes.jar;C:\Users\Vidi Fitriansyah H\.gradle\caches\transforms-2\files-2.1\1e690e96e239b5322a70849840aaf8d6\appcompat-resources-1.1.0\jars\classes.jar;C:\Users\Vidi Fitriansyah H\.gradle\caches\transfo
java_class_path (initial): C:\Users\Vidi Fitriansyah H\.gradle\caches\modules-2\files-2.1\org.jetbrains.kotlin\kotlin-compiler-embeddable\1.3.50\1251c1768e5769b06c2487d6f6cf8acf6efb8960\kotlin-compiler-embeddable-1.3.50.jar;C:\Users\Vidi Fitriansyah H\.gradle\caches\modules-2\files-2.1\org.jetbrains.kotlin\kotlin-reflect\1.3.50\b499f22fd7c3e9c2e5b6c4005221fa47fc7f9a7a\kotlin-reflect-1.3.50.jar;C:\Users\Vidi Fitriansyah H\.gradle\caches\modules-2\files-2.1\org.jetbrains.kotlin\kotlin-stdlib\1.3.50\b529d1738c7e98bbfa36a4134039528f2ce78ebf\kotlin-stdlib-1.3.50.jar;C:\Users\Vidi Fitriansyah H\.gradle\caches\modules-2\files-2.1\org.jetbrains.kotlin\kotlin-script-runtime\1.3.50\59492b8dfb92522ba0ddb5dd1c4d0ef0a4fca1af\kotlin-script-runtime-1.3.50.jar;C:\Users\Vidi Fitriansyah H\.gradle\caches\modules-2\files-2.1\org.jetbrains.kotlin\kotlin-daemon-embeddable\1.3.50\5cb93bb33f4c6f833ead0beca4c831668e00cf52\kotlin-daemon-embeddable-1.3.50.jar;C:\Users\Vidi Fitriansyah H\.gradle\caches\modules-2\files-2.1\org.jetbrains.intellij.deps\trove4j\1.0.20181211\216c2e14b070f334479d800987affe4054cd563f\trove4j-1.0.20181211.jar;C:\Users\Vidi Fitriansyah H\.gradle\caches\modules-2\files-2.1\org.jetbrains.kotlin\kotlin-stdlib-common\1.3.50\3d9cd3e1bc7b92e95f43d45be3bfbcf38e36ab87\kotlin-stdlib-common-1.3.50.jar;C:\Users\Vidi Fitriansyah H\.gradle\caches\modules-2\files-2.1\org.jetbrains\annotations\13.0\919f0dfe192fb4e063e7dacadee7f8bb9a2672a9\annotations-13.0.jar;C:\Program Files\Java\jdk-8\lib\tools.jar
Launcher Type: SUN_STANDARD

Environment Variables:
JAVA_HOME=C:\Program Files\Java\jdk-8
PATH=C:\Program Files (x86)\Common Files\Oracle\Java\javapath;C:\adb\adb_win_v1.0.26;C:\adb\adb_win_v1.0.26;C:\Program Files\Common Files\Microsoft Shared\Windows Live;C:\Program Files (x86)\Common Files\Microsoft Shared\Windows Live;C:\WINDOWS\system32;C:\WINDOWS;C:\WINDOWS\System32\Wbem;C:\WINDOWS\System32\WindowsPowerShell\v1.0\;C:\Program Files (x86)\Windows Live\Shared;C:\Program Files (x86)\MATLAB\R2009a\bin;C:\Program Files (x86)\MATLAB\R2009a\bin\win32;C:\Program Files (x86)\Common Files\lenovo\easyplussdk\bin;C:\Users\Vidi Fitriansyah H\AppData\Local\Programs\Python\Python36\Scripts;C:\Users\Vidi Fitriansyah H\AppData\Local\Programs\Python\Python36;C:\Python27;C:\Python37\Scripts;C:\Users\Vidi Fitriansyah H\AppData\Local\Microsoft\WindowsApps;C:\Program Files (x86)\IVI Foundation\VISA\WinNT\Bin\;C:\Program Files\IVI Foundation\VISA\Win64\Bin\;C:\Program Files (x86)\IVI Foundation\VISA\WinNT\Bin;C:\gradle\gradle-5.4.1\bin;%JAVA_HOME%\bin;C:\Program Files\Git\cmd;C:\Users\Vidi Fitriansyah H\AppData\Local\Microsoft\WindowsApps;;C:\Program Files\Microsoft VS Code\bin
USERNAME=Vidi Fitriansyah H
OS=Windows_NT
PROCESSOR_IDENTIFIER=Intel64 Family 6 Model 61 Stepping 4, GenuineIntel



---------------  S Y S T E M  ---------------

OS: Windows 10.0 , 64 bit Build 14393 (10.0.14393.0)

CPU:total 2 (initial active 2) (2 cores per cpu, 1 threads per core) family 6 model 61 stepping 4, cmov, cx8, fxsr, mmx, sse, sse2, sse3, ssse3, sse4.1, sse4.2, popcnt, clmul, erms, 3dnowpref, lzcnt, tsc, tscinvbit

Memory: 4k page, physical 4103692k(264244k free), swap 8224268k(5384k free)

vm_info: OpenJDK 64-Bit Server VM (25.202-b03) for windows-amd64 JRE (1.8.0_202-release-1483-b03), built by "builder" with MS VC++ 10.0 (VS2010)

time: Sun Jul 12 20:38:41 2020
timezone: SE Asia Standard Time
elapsed time: 52 seconds (0d 0h 0m 52s)

